<?xml version="1.0" encoding="UTF-8"?>
<testng-results ignored="0" total="1" passed="1" failed="0" skipped="0">
  <reporter-output>
  </reporter-output>
  <suite started-at="2024-08-22T03:28:00 PDT" name="Default suite" finished-at="2024-08-22T03:28:12 PDT" duration-ms="11785">
    <groups>
    </groups>
    <test started-at="2024-08-22T03:28:00 PDT" name="Default test" finished-at="2024-08-22T03:28:12 PDT" duration-ms="11785">
      <class name="com.AlertHandling.Rediffmail">
        <test-method signature="rediff()[pri:0, instance:com.AlertHandling.Rediffmail@659499f1]" started-at="2024-08-22T03:28:00 PDT" name="rediff" finished-at="2024-08-22T03:28:12 PDT" duration-ms="11753" status="PASS">
          <reporter-output>
          </reporter-output>
        </test-method> <!-- rediff -->
      </class> <!-- com.AlertHandling.Rediffmail -->
    </test> <!-- Default test -->
  </suite> <!-- Default suite -->
</testng-results>
